<?xml version="1.0" encoding="UTF-8"?>
<!-- Generated by org.testng.reporters.JUnitReportReporter -->
<testsuite hostname="Abhaysinhas-MacBook-Air.local" failures="0" tests="1" name="test.LoginTest" time="3.437" errors="0" timestamp="2024-06-22T12:31:30 IST" skipped="0">
  <testcase classname="test.LoginTest" name="verifyUserIsAbleTologin" time="3.437"/>
</testsuite> <!-- test.LoginTest -->
